{
  "RSpec": {
    "coverage": {
      "/media/data/projectes/ruby/bitcoinaverage/lib/bitcoinaverage.rb": [
        1,
        1,
        null,
        1,
        1,
        1,
        null,
        1,
        2,
        null,
        null
      ],
      "/media/data/projectes/ruby/bitcoinaverage/lib/bitcoinaverage/market_ticker.rb": [
        1,
        1,
        null,
        1,
        1,
        1,
        1,
        1,
        2,
        null,
        null,
        null
      ],
      "/media/data/projectes/ruby/bitcoinaverage/lib/bitcoinaverage/ticker.rb": [
        1,
        1,
        null,
        1,
        1,
        1,
        1,
        null,
        1,
        3,
        2,
        null,
        2,
        2,
        2,
        null,
        2,
        11,
        null,
        2,
        null,
        0,
        null,
        null,
        null,
        null
      ],
      "/media/data/projectes/ruby/bitcoinaverage/lib/bitcoinaverage/requester.rb": [
        1,
        null,
        1,
        1,
        1,
        3,
        2,
        2,
        2,
        2,
        null,
        2,
        null,
        null,
        1,
        3,
        null,
        null,
        3,
        null,
        null,
        null,
        null,
        null,
        null,
        null,
        null,
        null,
        null,
        null,
        null,
        null,
        null,
        null,
        null,
        null,
        null
      ],
      "/media/data/projectes/ruby/bitcoinaverage/lib/bitcoinaverage/global_ticker.rb": [
        1,
        1,
        null,
        1,
        1,
        1,
        1,
        1,
        1,
        null,
        null,
        null
      ]
    },
    "timestamp": 1393195250
  }
}
